<?xml version="1.0" encoding="UTF-8" ?>
<testsuite failures="0" time="0" errors="0" skipped="0" tests="1" name="org.eurekastreams.AppTest">
  <properties>
    <property name="java.runtime.name" value="Java(TM) SE Runtime Environment"/>
    <property name="sun.boot.library.path" value="C:\Java\jdk1.6.0_06\jre\bin"/>
    <property name="java.vm.version" value="10.0-b22"/>
    <property name="java.vm.vendor" value="Sun Microsystems Inc."/>
    <property name="java.vendor.url" value="http://java.sun.com/"/>
    <property name="path.separator" value=";"/>
    <property name="java.vm.name" value="Java HotSpot(TM) Client VM"/>
    <property name="file.encoding.pkg" value="sun.io"/>
    <property name="user.country" value="US"/>
    <property name="sun.java.launcher" value="SUN_STANDARD"/>
    <property name="sun.os.patch.level" value="Service Pack 2"/>
    <property name="java.vm.specification.name" value="Java Virtual Machine Specification"/>
    <property name="user.dir" value="C:\workspaces\SpringSourceToolSuite-2.3.2\eurekastreams-server-oracle"/>
    <property name="java.runtime.version" value="1.6.0_06-b02"/>
    <property name="java.awt.graphicsenv" value="sun.awt.Win32GraphicsEnvironment"/>
    <property name="basedir" value="C:\workspaces\SpringSourceToolSuite-2.3.2\eurekastreams-server-oracle"/>
    <property name="java.endorsed.dirs" value="C:\Java\jdk1.6.0_06\jre\lib\endorsed"/>
    <property name="os.arch" value="x86"/>
    <property name="surefire.real.class.path" value="C:\DOCUME~1\CM325~1.ORN\LOCALS~1\Temp\surefirebooter42872.jar"/>
    <property name="java.io.tmpdir" value="C:\DOCUME~1\CM325~1.ORN\LOCALS~1\Temp\"/>
    <property name="line.separator" value="
"/>
    <property name="java.vm.specification.vendor" value="Sun Microsystems Inc."/>
    <property name="user.variant" value=""/>
    <property name="os.name" value="Windows XP"/>
    <property name="sun.jnu.encoding" value="Cp1252"/>
    <property name="java.library.path" value="C:\Java\jdk1.6.0_06\jre\bin;.;C:\WINDOWS\Sun\Java\bin;C:\WINDOWS\system32;C:\WINDOWS;C:\Python25\;C:\oracle\product\10.2.0\db_1\bin;C:\WINDOWS\system32;C:\WINDOWS;C:\WINDOWS\System32\Wbem;C:\Program Files\ATI Technologies\ATI.ACE\;C:\Program Files\QuickTime\QTSystem\;C:\Program Files\Amazon\EC2\bin;C:\Program Files\Graphviz2.24\bin;C:\arcgis\arcexe9x\bin;C:\Program Files\apache-ant-1.7.1\bin;C:\Program Files\PostgreSQL\8.4\bin;C:\Program Files\CollabNet\Subversion Client"/>
    <property name="surefire.test.class.path" value="C:\workspaces\SpringSourceToolSuite-2.3.2\eurekastreams-server-oracle\target\test-classes;C:\workspaces\SpringSourceToolSuite-2.3.2\eurekastreams-server-oracle\target\classes;C:\Documents and Settings\cm325.ORNITH\.m2\repository\org\eurekastreams\eurekastreams-server\1.0-SNAPSHOT\eurekastreams-server-1.0-SNAPSHOT.jar;C:\Documents and Settings\cm325.ORNITH\.m2\repository\rome\rome\1.0\rome-1.0.jar;C:\Documents and Settings\cm325.ORNITH\.m2\repository\jdom\jdom\1.0\jdom-1.0.jar;C:\Documents and Settings\cm325.ORNITH\.m2\repository\rome\rome-fetcher\1.0\rome-fetcher-1.0.jar;C:\Documents and Settings\cm325.ORNITH\.m2\repository\commons-httpclient\commons-httpclient\3.0.1\commons-httpclient-3.0.1.jar;C:\Documents and Settings\cm325.ORNITH\.m2\repository\junit\junit\3.8.2\junit-3.8.2.jar;C:\Documents and Settings\cm325.ORNITH\.m2\repository\commons-logging\commons-logging\1.0.4\commons-logging-1.0.4.jar;C:\Documents and Settings\cm325.ORNITH\.m2\repository\commons-codec\commons-codec\1.3\commons-codec-1.3.jar;C:\Documents and Settings\cm325.ORNITH\.m2\repository\commons-logging\commons-logging-api\1.0.4\commons-logging-api-1.0.4.jar;C:\Documents and Settings\cm325.ORNITH\.m2\repository\rome\modules\0.3.2\modules-0.3.2.jar;C:\Documents and Settings\cm325.ORNITH\.m2\repository\org\restlet\org.restlet\1.1.4\org.restlet-1.1.4.jar;C:\Documents and Settings\cm325.ORNITH\.m2\repository\org\restlet\org.restlet.ext.spring\1.1.4\org.restlet.ext.spring-1.1.4.jar;C:\Documents and Settings\cm325.ORNITH\.m2\repository\org\springframework\spring-core\2.5.6\spring-core-2.5.6.jar;C:\Documents and Settings\cm325.ORNITH\.m2\repository\org\springframework\spring-context\2.5.6\spring-context-2.5.6.jar;C:\Documents and Settings\cm325.ORNITH\.m2\repository\aopalliance\aopalliance\1.0\aopalliance-1.0.jar;C:\Documents and Settings\cm325.ORNITH\.m2\repository\org\springframework\spring-beans\2.5.6\spring-beans-2.5.6.jar;C:\Documents and Settings\cm325.ORNITH\.m2\repository\org\springframework\spring-web\2.5.6\spring-web-2.5.6.jar;C:\Documents and Settings\cm325.ORNITH\.m2\repository\org\springframework\spring-webmvc\2.5.6\spring-webmvc-2.5.6.jar;C:\Documents and Settings\cm325.ORNITH\.m2\repository\org\springframework\spring-context-support\2.5.6\spring-context-support-2.5.6.jar;C:\Documents and Settings\cm325.ORNITH\.m2\repository\com\noelios\restlet\com.noelios.restlet\1.1.4\com.noelios.restlet-1.1.4.jar;C:\Documents and Settings\cm325.ORNITH\.m2\repository\com\noelios\restlet\com.noelios.restlet.ext.jetty\1.1.4\com.noelios.restlet.ext.jetty-1.1.4.jar;C:\Documents and Settings\cm325.ORNITH\.m2\repository\org\mortbay\jetty\jetty\6.1.11\jetty-6.1.11.jar;C:\Documents and Settings\cm325.ORNITH\.m2\repository\org\mortbay\jetty\jetty-util\6.1.11\jetty-util-6.1.11.jar;C:\Documents and Settings\cm325.ORNITH\.m2\repository\org\mortbay\jetty\servlet-api-2.5\6.1.11\servlet-api-2.5-6.1.11.jar;C:\Documents and Settings\cm325.ORNITH\.m2\repository\org\mortbay\jetty\jetty-ajp\6.1.11\jetty-ajp-6.1.11.jar;C:\Documents and Settings\cm325.ORNITH\.m2\repository\org\mortbay\jetty\jetty-sslengine\6.1.11\jetty-sslengine-6.1.11.jar;C:\Documents and Settings\cm325.ORNITH\.m2\repository\com\noelios\restlet\com.noelios.restlet.ext.servlet\1.1.4\com.noelios.restlet.ext.servlet-1.1.4.jar;C:\Documents and Settings\cm325.ORNITH\.m2\repository\com\noelios\restlet\com.noelios.restlet.ext.spring\1.1.4\com.noelios.restlet.ext.spring-1.1.4.jar;C:\Documents and Settings\cm325.ORNITH\.m2\repository\org\jsecurity\jsecurity\0.9.0\jsecurity-0.9.0.jar;C:\Documents and Settings\cm325.ORNITH\.m2\repository\commons-beanutils\commons-beanutils\1.7.0\commons-beanutils-1.7.0.jar;C:\Documents and Settings\cm325.ORNITH\.m2\repository\com\ibm\icu\icu4j\3.8\icu4j-3.8.jar;C:\Documents and Settings\cm325.ORNITH\.m2\repository\org\codehaus\woodstox\wstx-asl\3.2.7\wstx-asl-3.2.7.jar;C:\Documents and Settings\cm325.ORNITH\.m2\repository\stax\stax-api\1.0.1\stax-api-1.0.1.jar;C:\Documents and Settings\cm325.ORNITH\.m2\repository\org\codehaus\jackson\jackson-core-asl\1.6.0\jackson-core-asl-1.6.0.jar;C:\Documents and Settings\cm325.ORNITH\.m2\repository\org\codehaus\jackson\jackson-jaxrs\1.6.0\jackson-jaxrs-1.6.0.jar;C:\Documents and Settings\cm325.ORNITH\.m2\repository\org\codehaus\jackson\jackson-mapper-asl\1.6.0\jackson-mapper-asl-1.6.0.jar;C:\Documents and Settings\cm325.ORNITH\.m2\repository\net\oauth\core\oauth\20100527\oauth-20100527.jar;C:\Documents and Settings\cm325.ORNITH\.m2\repository\net\oauth\core\oauth-provider\20100527\oauth-provider-20100527.jar;C:\Documents and Settings\cm325.ORNITH\.m2\repository\net\oauth\core\oauth-httpclient4\20090913\oauth-httpclient4-20090913.jar;C:\Documents and Settings\cm325.ORNITH\.m2\repository\net\oauth\core\oauth-consumer\20090617\oauth-consumer-20090617.jar;C:\Documents and Settings\cm325.ORNITH\.m2\repository\org\apache\httpcomponents\httpclient\4.0\httpclient-4.0.jar;C:\Documents and Settings\cm325.ORNITH\.m2\repository\org\apache\httpcomponents\httpcore\4.0.1\httpcore-4.0.1.jar;C:\Documents and Settings\cm325.ORNITH\.m2\repository\org\apache\shindig\shindig-social-api\2.0.1.2\shindig-social-api-2.0.1.2.jar;C:\Documents and Settings\cm325.ORNITH\.m2\repository\org\apache\shindig\shindig-common\2.0.1.2\shindig-common-2.0.1.2.jar;C:\Documents and Settings\cm325.ORNITH\.m2\repository\org\apache\shindig\shindig-gadgets\2.0.1.2\shindig-gadgets-2.0.1.2.jar;C:\Documents and Settings\cm325.ORNITH\.m2\repository\javax\mail\mail\1.4.2\mail-1.4.2.jar;C:\Documents and Settings\cm325.ORNITH\.m2\repository\javax\activation\activation\1.1\activation-1.1.jar;C:\Documents and Settings\cm325.ORNITH\.m2\repository\net\sf\json-lib\json-lib\2.2\json-lib-2.2-jdk15.jar;C:\Documents and Settings\cm325.ORNITH\.m2\repository\commons-collections\commons-collections\3.2.1\commons-collections-3.2.1.jar;C:\Documents and Settings\cm325.ORNITH\.m2\repository\commons-lang\commons-lang\2.4\commons-lang-2.4.jar;C:\Documents and Settings\cm325.ORNITH\.m2\repository\net\sf\ezmorph\ezmorph\1.0.4\ezmorph-1.0.4.jar;C:\Documents and Settings\cm325.ORNITH\.m2\repository\com\google\inject\guice\2.0\guice-2.0.jar;C:\Documents and Settings\cm325.ORNITH\.m2\repository\com\google\inject\extensions\guice-spring\2.0\guice-spring-2.0.jar;C:\Documents and Settings\cm325.ORNITH\.m2\repository\com\google\inject\extensions\guice-multibindings\2.0\guice-multibindings-2.0.jar;C:\Documents and Settings\cm325.ORNITH\.m2\repository\com\google\guava\guava\r06\guava-r06.jar;C:\Documents and Settings\cm325.ORNITH\.m2\repository\cglib\cglib\2.1_3\cglib-2.1_3.jar;C:\Documents and Settings\cm325.ORNITH\.m2\repository\asm\asm\1.5.3\asm-1.5.3.jar;C:\Documents and Settings\cm325.ORNITH\.m2\repository\asm\asm-attrs\1.5.3\asm-attrs-1.5.3.jar;C:\Documents and Settings\cm325.ORNITH\.m2\repository\org\springframework\spring\2.5.6\spring-2.5.6.jar;C:\Documents and Settings\cm325.ORNITH\.m2\repository\org\jmock\jmock-junit4\2.5.1\jmock-junit4-2.5.1.jar;C:\Documents and Settings\cm325.ORNITH\.m2\repository\org\jmock\jmock\2.5.1\jmock-2.5.1.jar;C:\Documents and Settings\cm325.ORNITH\.m2\repository\org\hamcrest\hamcrest-core\1.1\hamcrest-core-1.1.jar;C:\Documents and Settings\cm325.ORNITH\.m2\repository\org\hamcrest\hamcrest-library\1.1\hamcrest-library-1.1.jar;C:\Documents and Settings\cm325.ORNITH\.m2\repository\junit\junit-dep\4.4\junit-dep-4.4.jar;C:\Documents and Settings\cm325.ORNITH\.m2\repository\commons-dbcp\commons-dbcp\1.2.2\commons-dbcp-1.2.2.jar;C:\Documents and Settings\cm325.ORNITH\.m2\repository\commons-pool\commons-pool\1.3\commons-pool-1.3.jar;C:\Documents and Settings\cm325.ORNITH\.m2\repository\log4j\log4j\1.2.12\log4j-1.2.12.jar;C:\Documents and Settings\cm325.ORNITH\.m2\repository\org\slf4j\slf4j-log4j12\1.5.6\slf4j-log4j12-1.5.6.jar;C:\Documents and Settings\cm325.ORNITH\.m2\repository\org\slf4j\slf4j-api\1.5.6\slf4j-api-1.5.6.jar;C:\Documents and Settings\cm325.ORNITH\.m2\repository\org\springframework\spring-test\2.5.6\spring-test-2.5.6.jar;C:\Documents and Settings\cm325.ORNITH\.m2\repository\net\sf\gilead\adapter-core\1.2.0\adapter-core-1.2.0.jar;C:\Documents and Settings\cm325.ORNITH\.m2\repository\net\sf\beanlib\beanlib\3.3.0beta20b\beanlib-3.3.0beta20b.jar;C:\Documents and Settings\cm325.ORNITH\.m2\repository\net\sf\beanlib\beanlib-hibernate\3.3.0beta20b\beanlib-hibernate-3.3.0beta20b.jar;C:\Documents and Settings\cm325.ORNITH\.m2\repository\org\jboss\javassist\3.5.GA\javassist-3.5.GA.jar;C:\Documents and Settings\cm325.ORNITH\.m2\repository\com\thoughtworks\xstream\xstream\1.3\xstream-1.3.jar;C:\Documents and Settings\cm325.ORNITH\.m2\repository\xpp3\xpp3_min\1.1.4c\xpp3_min-1.1.4c.jar;C:\Documents and Settings\cm325.ORNITH\.m2\repository\spy\memcached\2.4.2\memcached-2.4.2.jar;C:\Documents and Settings\cm325.ORNITH\.m2\repository\org\apache\activemq\activemq-core\5.2.0\activemq-core-5.2.0.jar;C:\Documents and Settings\cm325.ORNITH\.m2\repository\org\apache\camel\camel-core\1.5.0\camel-core-1.5.0.jar;C:\Documents and Settings\cm325.ORNITH\.m2\repository\org\apache\geronimo\specs\geronimo-jms_1.1_spec\1.1.1\geronimo-jms_1.1_spec-1.1.1.jar;C:\Documents and Settings\cm325.ORNITH\.m2\repository\org\apache\activemq\activeio-core\3.1.0\activeio-core-3.1.0.jar;C:\Documents and Settings\cm325.ORNITH\.m2\repository\backport-util-concurrent\backport-util-concurrent\2.1\backport-util-concurrent-2.1.jar;C:\Documents and Settings\cm325.ORNITH\.m2\repository\org\apache\geronimo\specs\geronimo-j2ee-management_1.0_spec\1.0\geronimo-j2ee-management_1.0_spec-1.0.jar;C:\Documents and Settings\cm325.ORNITH\.m2\repository\org\springframework\spring-jms\2.5.6\spring-jms-2.5.6.jar;C:\Documents and Settings\cm325.ORNITH\.m2\repository\org\springframework\spring-tx\2.5.6\spring-tx-2.5.6.jar;C:\Documents and Settings\cm325.ORNITH\.m2\repository\javax\ejb\ejb-api\3.0\ejb-api-3.0.jar;C:\Documents and Settings\cm325.ORNITH\.m2\repository\javax\servlet\servlet-api\2.5\servlet-api-2.5.jar;C:\Documents and Settings\cm325.ORNITH\.m2\repository\org\springframework\security\spring-security-core\2.0.4\spring-security-core-2.0.4.jar;C:\Documents and Settings\cm325.ORNITH\.m2\repository\org\springframework\spring-aop\2.0.8\spring-aop-2.0.8.jar;C:\Documents and Settings\cm325.ORNITH\.m2\repository\org\springframework\spring-support\2.0.8\spring-support-2.0.8.jar;C:\Documents and Settings\cm325.ORNITH\.m2\repository\org\codehaus\spring-security-oauth\spring-security-oauth\3.19-ES\spring-security-oauth-3.19-ES.jar;C:\Documents and Settings\cm325.ORNITH\.m2\repository\org\springframework\ldap\spring-ldap-core\1.3.0.RELEASE\spring-ldap-core-1.3.0.RELEASE.jar;C:\Documents and Settings\cm325.ORNITH\.m2\repository\com\google\gwt\gwt-user\1.7.0\gwt-user-1.7.0.jar;C:\Documents and Settings\cm325.ORNITH\.m2\repository\net\sf\gilead\adapter4gwt\1.2.0\adapter4gwt-1.2.0.jar;C:\Documents and Settings\cm325.ORNITH\.m2\repository\org\apache\lucene\lucene-core\2.4.1\lucene-core-2.4.1.jar;C:\Documents and Settings\cm325.ORNITH\.m2\repository\org\apache\lucene\lucene-snowball\2.4.1\lucene-snowball-2.4.1.jar;C:\Documents and Settings\cm325.ORNITH\.m2\repository\org\apache\solr\solr-common\1.3.0\solr-common-1.3.0.jar;C:\Documents and Settings\cm325.ORNITH\.m2\repository\org\apache\solr\solr-core\1.3.0\solr-core-1.3.0.jar;C:\Documents and Settings\cm325.ORNITH\.m2\repository\org\apache\solr\solr-solrj\1.3.0\solr-solrj-1.3.0.jar;C:\Documents and Settings\cm325.ORNITH\.m2\repository\org\apache\commons\commons-io\1.3.2\commons-io-1.3.2.jar;C:\Documents and Settings\cm325.ORNITH\.m2\repository\commons-fileupload\commons-fileupload\1.2\commons-fileupload-1.2.jar;C:\Documents and Settings\cm325.ORNITH\.m2\repository\stax\stax\1.2.0\stax-1.2.0.jar;C:\Documents and Settings\cm325.ORNITH\.m2\repository\net\java\dev\stax-utils\stax-utils\20040917\stax-utils-20040917.jar;C:\Documents and Settings\cm325.ORNITH\.m2\repository\org\apache\solr\solr-lucene-highlighter\1.3.0\solr-lucene-highlighter-1.3.0.jar;C:\Documents and Settings\cm325.ORNITH\.m2\repository\org\apache\solr\solr-lucene-queries\1.3.0\solr-lucene-queries-1.3.0.jar;C:\Documents and Settings\cm325.ORNITH\.m2\repository\org\apache\solr\solr-lucene-snowball\1.3.0\solr-lucene-snowball-1.3.0.jar;C:\Documents and Settings\cm325.ORNITH\.m2\repository\org\apache\solr\solr-lucene-spellchecker\1.3.0\solr-lucene-spellchecker-1.3.0.jar;C:\Documents and Settings\cm325.ORNITH\.m2\repository\org\apache\solr\solr-commons-csv\1.3.0\solr-commons-csv-1.3.0.jar;C:\Documents and Settings\cm325.ORNITH\.m2\repository\org\apache\geronimo\specs\geronimo-stax-api_1.0_spec\1.0.1\geronimo-stax-api_1.0_spec-1.0.1.jar;C:\Documents and Settings\cm325.ORNITH\.m2\repository\org\hibernate\hibernate-annotations\3.4.0.GA\hibernate-annotations-3.4.0.GA.jar;C:\Documents and Settings\cm325.ORNITH\.m2\repository\org\hibernate\ejb3-persistence\1.0.2.GA\ejb3-persistence-1.0.2.GA.jar;C:\Documents and Settings\cm325.ORNITH\.m2\repository\org\hibernate\hibernate-core\3.3.0.SP1\hibernate-core-3.3.0.SP1.jar;C:\Documents and Settings\cm325.ORNITH\.m2\repository\antlr\antlr\2.7.6\antlr-2.7.6.jar;C:\Documents and Settings\cm325.ORNITH\.m2\repository\dom4j\dom4j\1.6.1\dom4j-1.6.1.jar;C:\Documents and Settings\cm325.ORNITH\.m2\repository\xml-apis\xml-apis\1.0.b2\xml-apis-1.0.b2.jar;C:\Documents and Settings\cm325.ORNITH\.m2\repository\javax\transaction\jta\1.1\jta-1.1.jar;C:\Documents and Settings\cm325.ORNITH\.m2\repository\org\hibernate\hibernate-commons-annotations\3.3.0.ga\hibernate-commons-annotations-3.3.0.ga.jar;C:\Documents and Settings\cm325.ORNITH\.m2\repository\javax\persistence\persistence-api\1.0\persistence-api-1.0.jar;C:\Documents and Settings\cm325.ORNITH\.m2\repository\org\hibernate\hibernate-entitymanager\3.4.0.GA\hibernate-entitymanager-3.4.0.GA.jar;C:\Documents and Settings\cm325.ORNITH\.m2\repository\javassist\javassist\3.4.GA\javassist-3.4.GA.jar;C:\Documents and Settings\cm325.ORNITH\.m2\repository\org\hibernate\hibernate-validator\3.1.0.GA\hibernate-validator-3.1.0.GA.jar;C:\Documents and Settings\cm325.ORNITH\.m2\repository\org\hibernate\hibernate-search\3.1.0.GA\hibernate-search-3.1.0.GA.jar;C:\Documents and Settings\cm325.ORNITH\.m2\repository\org\aspectj\aspectjrt\1.5.4\aspectjrt-1.5.4.jar;C:\Documents and Settings\cm325.ORNITH\.m2\repository\org\aspectj\aspectjweaver\1.5.4\aspectjweaver-1.5.4.jar;C:\Documents and Settings\cm325.ORNITH\.m2\repository\org\jasig\cas\cas-client-core\3.1.10\cas-client-core-3.1.10.jar;C:\Documents and Settings\cm325.ORNITH\.m2\repository\org\springframework\security\spring-security-cas-client\2.0.5.RELEASE\spring-security-cas-client-2.0.5.RELEASE.jar;C:\Documents and Settings\cm325.ORNITH\.m2\repository\org\springframework\spring-dao\2.0.8\spring-dao-2.0.8.jar;C:\Documents and Settings\cm325.ORNITH\.m2\repository\com\oracle\ojdbc6\11.1.0.7.0\ojdbc6-11.1.0.7.0.jar;C:\Documents and Settings\cm325.ORNITH\.m2\repository\org\eurekastreams\eurekastreams-server\1.0-SNAPSHOT\eurekastreams-server-1.0-SNAPSHOT-tests.jar;C:\Documents and Settings\cm325.ORNITH\.m2\repository\org\dbunit\dbunit\2.4.3\dbunit-2.4.3.jar;C:\Documents and Settings\cm325.ORNITH\.m2\repository\org\jmock\jmock-legacy\2.5.1\jmock-legacy-2.5.1.jar;C:\Documents and Settings\cm325.ORNITH\.m2\repository\org\objenesis\objenesis\1.0\objenesis-1.0.jar;C:\Documents and Settings\cm325.ORNITH\.m2\repository\cglib\cglib-nodep\2.1_3\cglib-nodep-2.1_3.jar;"/>
    <property name="java.specification.name" value="Java Platform API Specification"/>
    <property name="java.class.version" value="50.0"/>
    <property name="sun.management.compiler" value="HotSpot Client Compiler"/>
    <property name="os.version" value="5.1"/>
    <property name="user.home" value="C:\Documents and Settings\cm325.ORNITH"/>
    <property name="user.timezone" value=""/>
    <property name="java.awt.printerjob" value="sun.awt.windows.WPrinterJob"/>
    <property name="java.specification.version" value="1.6"/>
    <property name="file.encoding" value="Cp1252"/>
    <property name="user.name" value="cm325"/>
    <property name="java.class.path" value="C:\workspaces\SpringSourceToolSuite-2.3.2\eurekastreams-server-oracle\target\test-classes;C:\workspaces\SpringSourceToolSuite-2.3.2\eurekastreams-server-oracle\target\classes;C:\Documents and Settings\cm325.ORNITH\.m2\repository\org\eurekastreams\eurekastreams-server\1.0-SNAPSHOT\eurekastreams-server-1.0-SNAPSHOT.jar;C:\Documents and Settings\cm325.ORNITH\.m2\repository\rome\rome\1.0\rome-1.0.jar;C:\Documents and Settings\cm325.ORNITH\.m2\repository\jdom\jdom\1.0\jdom-1.0.jar;C:\Documents and Settings\cm325.ORNITH\.m2\repository\rome\rome-fetcher\1.0\rome-fetcher-1.0.jar;C:\Documents and Settings\cm325.ORNITH\.m2\repository\commons-httpclient\commons-httpclient\3.0.1\commons-httpclient-3.0.1.jar;C:\Documents and Settings\cm325.ORNITH\.m2\repository\junit\junit\3.8.2\junit-3.8.2.jar;C:\Documents and Settings\cm325.ORNITH\.m2\repository\commons-logging\commons-logging\1.0.4\commons-logging-1.0.4.jar;C:\Documents and Settings\cm325.ORNITH\.m2\repository\commons-codec\commons-codec\1.3\commons-codec-1.3.jar;C:\Documents and Settings\cm325.ORNITH\.m2\repository\commons-logging\commons-logging-api\1.0.4\commons-logging-api-1.0.4.jar;C:\Documents and Settings\cm325.ORNITH\.m2\repository\rome\modules\0.3.2\modules-0.3.2.jar;C:\Documents and Settings\cm325.ORNITH\.m2\repository\org\restlet\org.restlet\1.1.4\org.restlet-1.1.4.jar;C:\Documents and Settings\cm325.ORNITH\.m2\repository\org\restlet\org.restlet.ext.spring\1.1.4\org.restlet.ext.spring-1.1.4.jar;C:\Documents and Settings\cm325.ORNITH\.m2\repository\org\springframework\spring-core\2.5.6\spring-core-2.5.6.jar;C:\Documents and Settings\cm325.ORNITH\.m2\repository\org\springframework\spring-context\2.5.6\spring-context-2.5.6.jar;C:\Documents and Settings\cm325.ORNITH\.m2\repository\aopalliance\aopalliance\1.0\aopalliance-1.0.jar;C:\Documents and Settings\cm325.ORNITH\.m2\repository\org\springframework\spring-beans\2.5.6\spring-beans-2.5.6.jar;C:\Documents and Settings\cm325.ORNITH\.m2\repository\org\springframework\spring-web\2.5.6\spring-web-2.5.6.jar;C:\Documents and Settings\cm325.ORNITH\.m2\repository\org\springframework\spring-webmvc\2.5.6\spring-webmvc-2.5.6.jar;C:\Documents and Settings\cm325.ORNITH\.m2\repository\org\springframework\spring-context-support\2.5.6\spring-context-support-2.5.6.jar;C:\Documents and Settings\cm325.ORNITH\.m2\repository\com\noelios\restlet\com.noelios.restlet\1.1.4\com.noelios.restlet-1.1.4.jar;C:\Documents and Settings\cm325.ORNITH\.m2\repository\com\noelios\restlet\com.noelios.restlet.ext.jetty\1.1.4\com.noelios.restlet.ext.jetty-1.1.4.jar;C:\Documents and Settings\cm325.ORNITH\.m2\repository\org\mortbay\jetty\jetty\6.1.11\jetty-6.1.11.jar;C:\Documents and Settings\cm325.ORNITH\.m2\repository\org\mortbay\jetty\jetty-util\6.1.11\jetty-util-6.1.11.jar;C:\Documents and Settings\cm325.ORNITH\.m2\repository\org\mortbay\jetty\servlet-api-2.5\6.1.11\servlet-api-2.5-6.1.11.jar;C:\Documents and Settings\cm325.ORNITH\.m2\repository\org\mortbay\jetty\jetty-ajp\6.1.11\jetty-ajp-6.1.11.jar;C:\Documents and Settings\cm325.ORNITH\.m2\repository\org\mortbay\jetty\jetty-sslengine\6.1.11\jetty-sslengine-6.1.11.jar;C:\Documents and Settings\cm325.ORNITH\.m2\repository\com\noelios\restlet\com.noelios.restlet.ext.servlet\1.1.4\com.noelios.restlet.ext.servlet-1.1.4.jar;C:\Documents and Settings\cm325.ORNITH\.m2\repository\com\noelios\restlet\com.noelios.restlet.ext.spring\1.1.4\com.noelios.restlet.ext.spring-1.1.4.jar;C:\Documents and Settings\cm325.ORNITH\.m2\repository\org\jsecurity\jsecurity\0.9.0\jsecurity-0.9.0.jar;C:\Documents and Settings\cm325.ORNITH\.m2\repository\commons-beanutils\commons-beanutils\1.7.0\commons-beanutils-1.7.0.jar;C:\Documents and Settings\cm325.ORNITH\.m2\repository\com\ibm\icu\icu4j\3.8\icu4j-3.8.jar;C:\Documents and Settings\cm325.ORNITH\.m2\repository\org\codehaus\woodstox\wstx-asl\3.2.7\wstx-asl-3.2.7.jar;C:\Documents and Settings\cm325.ORNITH\.m2\repository\stax\stax-api\1.0.1\stax-api-1.0.1.jar;C:\Documents and Settings\cm325.ORNITH\.m2\repository\org\codehaus\jackson\jackson-core-asl\1.6.0\jackson-core-asl-1.6.0.jar;C:\Documents and Settings\cm325.ORNITH\.m2\repository\org\codehaus\jackson\jackson-jaxrs\1.6.0\jackson-jaxrs-1.6.0.jar;C:\Documents and Settings\cm325.ORNITH\.m2\repository\org\codehaus\jackson\jackson-mapper-asl\1.6.0\jackson-mapper-asl-1.6.0.jar;C:\Documents and Settings\cm325.ORNITH\.m2\repository\net\oauth\core\oauth\20100527\oauth-20100527.jar;C:\Documents and Settings\cm325.ORNITH\.m2\repository\net\oauth\core\oauth-provider\20100527\oauth-provider-20100527.jar;C:\Documents and Settings\cm325.ORNITH\.m2\repository\net\oauth\core\oauth-httpclient4\20090913\oauth-httpclient4-20090913.jar;C:\Documents and Settings\cm325.ORNITH\.m2\repository\net\oauth\core\oauth-consumer\20090617\oauth-consumer-20090617.jar;C:\Documents and Settings\cm325.ORNITH\.m2\repository\org\apache\httpcomponents\httpclient\4.0\httpclient-4.0.jar;C:\Documents and Settings\cm325.ORNITH\.m2\repository\org\apache\httpcomponents\httpcore\4.0.1\httpcore-4.0.1.jar;C:\Documents and Settings\cm325.ORNITH\.m2\repository\org\apache\shindig\shindig-social-api\2.0.1.2\shindig-social-api-2.0.1.2.jar;C:\Documents and Settings\cm325.ORNITH\.m2\repository\org\apache\shindig\shindig-common\2.0.1.2\shindig-common-2.0.1.2.jar;C:\Documents and Settings\cm325.ORNITH\.m2\repository\org\apache\shindig\shindig-gadgets\2.0.1.2\shindig-gadgets-2.0.1.2.jar;C:\Documents and Settings\cm325.ORNITH\.m2\repository\javax\mail\mail\1.4.2\mail-1.4.2.jar;C:\Documents and Settings\cm325.ORNITH\.m2\repository\javax\activation\activation\1.1\activation-1.1.jar;C:\Documents and Settings\cm325.ORNITH\.m2\repository\net\sf\json-lib\json-lib\2.2\json-lib-2.2-jdk15.jar;C:\Documents and Settings\cm325.ORNITH\.m2\repository\commons-collections\commons-collections\3.2.1\commons-collections-3.2.1.jar;C:\Documents and Settings\cm325.ORNITH\.m2\repository\commons-lang\commons-lang\2.4\commons-lang-2.4.jar;C:\Documents and Settings\cm325.ORNITH\.m2\repository\net\sf\ezmorph\ezmorph\1.0.4\ezmorph-1.0.4.jar;C:\Documents and Settings\cm325.ORNITH\.m2\repository\com\google\inject\guice\2.0\guice-2.0.jar;C:\Documents and Settings\cm325.ORNITH\.m2\repository\com\google\inject\extensions\guice-spring\2.0\guice-spring-2.0.jar;C:\Documents and Settings\cm325.ORNITH\.m2\repository\com\google\inject\extensions\guice-multibindings\2.0\guice-multibindings-2.0.jar;C:\Documents and Settings\cm325.ORNITH\.m2\repository\com\google\guava\guava\r06\guava-r06.jar;C:\Documents and Settings\cm325.ORNITH\.m2\repository\cglib\cglib\2.1_3\cglib-2.1_3.jar;C:\Documents and Settings\cm325.ORNITH\.m2\repository\asm\asm\1.5.3\asm-1.5.3.jar;C:\Documents and Settings\cm325.ORNITH\.m2\repository\asm\asm-attrs\1.5.3\asm-attrs-1.5.3.jar;C:\Documents and Settings\cm325.ORNITH\.m2\repository\org\springframework\spring\2.5.6\spring-2.5.6.jar;C:\Documents and Settings\cm325.ORNITH\.m2\repository\org\jmock\jmock-junit4\2.5.1\jmock-junit4-2.5.1.jar;C:\Documents and Settings\cm325.ORNITH\.m2\repository\org\jmock\jmock\2.5.1\jmock-2.5.1.jar;C:\Documents and Settings\cm325.ORNITH\.m2\repository\org\hamcrest\hamcrest-core\1.1\hamcrest-core-1.1.jar;C:\Documents and Settings\cm325.ORNITH\.m2\repository\org\hamcrest\hamcrest-library\1.1\hamcrest-library-1.1.jar;C:\Documents and Settings\cm325.ORNITH\.m2\repository\junit\junit-dep\4.4\junit-dep-4.4.jar;C:\Documents and Settings\cm325.ORNITH\.m2\repository\commons-dbcp\commons-dbcp\1.2.2\commons-dbcp-1.2.2.jar;C:\Documents and Settings\cm325.ORNITH\.m2\repository\commons-pool\commons-pool\1.3\commons-pool-1.3.jar;C:\Documents and Settings\cm325.ORNITH\.m2\repository\log4j\log4j\1.2.12\log4j-1.2.12.jar;C:\Documents and Settings\cm325.ORNITH\.m2\repository\org\slf4j\slf4j-log4j12\1.5.6\slf4j-log4j12-1.5.6.jar;C:\Documents and Settings\cm325.ORNITH\.m2\repository\org\slf4j\slf4j-api\1.5.6\slf4j-api-1.5.6.jar;C:\Documents and Settings\cm325.ORNITH\.m2\repository\org\springframework\spring-test\2.5.6\spring-test-2.5.6.jar;C:\Documents and Settings\cm325.ORNITH\.m2\repository\net\sf\gilead\adapter-core\1.2.0\adapter-core-1.2.0.jar;C:\Documents and Settings\cm325.ORNITH\.m2\repository\net\sf\beanlib\beanlib\3.3.0beta20b\beanlib-3.3.0beta20b.jar;C:\Documents and Settings\cm325.ORNITH\.m2\repository\net\sf\beanlib\beanlib-hibernate\3.3.0beta20b\beanlib-hibernate-3.3.0beta20b.jar;C:\Documents and Settings\cm325.ORNITH\.m2\repository\org\jboss\javassist\3.5.GA\javassist-3.5.GA.jar;C:\Documents and Settings\cm325.ORNITH\.m2\repository\com\thoughtworks\xstream\xstream\1.3\xstream-1.3.jar;C:\Documents and Settings\cm325.ORNITH\.m2\repository\xpp3\xpp3_min\1.1.4c\xpp3_min-1.1.4c.jar;C:\Documents and Settings\cm325.ORNITH\.m2\repository\spy\memcached\2.4.2\memcached-2.4.2.jar;C:\Documents and Settings\cm325.ORNITH\.m2\repository\org\apache\activemq\activemq-core\5.2.0\activemq-core-5.2.0.jar;C:\Documents and Settings\cm325.ORNITH\.m2\repository\org\apache\camel\camel-core\1.5.0\camel-core-1.5.0.jar;C:\Documents and Settings\cm325.ORNITH\.m2\repository\org\apache\geronimo\specs\geronimo-jms_1.1_spec\1.1.1\geronimo-jms_1.1_spec-1.1.1.jar;C:\Documents and Settings\cm325.ORNITH\.m2\repository\org\apache\activemq\activeio-core\3.1.0\activeio-core-3.1.0.jar;C:\Documents and Settings\cm325.ORNITH\.m2\repository\backport-util-concurrent\backport-util-concurrent\2.1\backport-util-concurrent-2.1.jar;C:\Documents and Settings\cm325.ORNITH\.m2\repository\org\apache\geronimo\specs\geronimo-j2ee-management_1.0_spec\1.0\geronimo-j2ee-management_1.0_spec-1.0.jar;C:\Documents and Settings\cm325.ORNITH\.m2\repository\org\springframework\spring-jms\2.5.6\spring-jms-2.5.6.jar;C:\Documents and Settings\cm325.ORNITH\.m2\repository\org\springframework\spring-tx\2.5.6\spring-tx-2.5.6.jar;C:\Documents and Settings\cm325.ORNITH\.m2\repository\javax\ejb\ejb-api\3.0\ejb-api-3.0.jar;C:\Documents and Settings\cm325.ORNITH\.m2\repository\javax\servlet\servlet-api\2.5\servlet-api-2.5.jar;C:\Documents and Settings\cm325.ORNITH\.m2\repository\org\springframework\security\spring-security-core\2.0.4\spring-security-core-2.0.4.jar;C:\Documents and Settings\cm325.ORNITH\.m2\repository\org\springframework\spring-aop\2.0.8\spring-aop-2.0.8.jar;C:\Documents and Settings\cm325.ORNITH\.m2\repository\org\springframework\spring-support\2.0.8\spring-support-2.0.8.jar;C:\Documents and Settings\cm325.ORNITH\.m2\repository\org\codehaus\spring-security-oauth\spring-security-oauth\3.19-ES\spring-security-oauth-3.19-ES.jar;C:\Documents and Settings\cm325.ORNITH\.m2\repository\org\springframework\ldap\spring-ldap-core\1.3.0.RELEASE\spring-ldap-core-1.3.0.RELEASE.jar;C:\Documents and Settings\cm325.ORNITH\.m2\repository\com\google\gwt\gwt-user\1.7.0\gwt-user-1.7.0.jar;C:\Documents and Settings\cm325.ORNITH\.m2\repository\net\sf\gilead\adapter4gwt\1.2.0\adapter4gwt-1.2.0.jar;C:\Documents and Settings\cm325.ORNITH\.m2\repository\org\apache\lucene\lucene-core\2.4.1\lucene-core-2.4.1.jar;C:\Documents and Settings\cm325.ORNITH\.m2\repository\org\apache\lucene\lucene-snowball\2.4.1\lucene-snowball-2.4.1.jar;C:\Documents and Settings\cm325.ORNITH\.m2\repository\org\apache\solr\solr-common\1.3.0\solr-common-1.3.0.jar;C:\Documents and Settings\cm325.ORNITH\.m2\repository\org\apache\solr\solr-core\1.3.0\solr-core-1.3.0.jar;C:\Documents and Settings\cm325.ORNITH\.m2\repository\org\apache\solr\solr-solrj\1.3.0\solr-solrj-1.3.0.jar;C:\Documents and Settings\cm325.ORNITH\.m2\repository\org\apache\commons\commons-io\1.3.2\commons-io-1.3.2.jar;C:\Documents and Settings\cm325.ORNITH\.m2\repository\commons-fileupload\commons-fileupload\1.2\commons-fileupload-1.2.jar;C:\Documents and Settings\cm325.ORNITH\.m2\repository\stax\stax\1.2.0\stax-1.2.0.jar;C:\Documents and Settings\cm325.ORNITH\.m2\repository\net\java\dev\stax-utils\stax-utils\20040917\stax-utils-20040917.jar;C:\Documents and Settings\cm325.ORNITH\.m2\repository\org\apache\solr\solr-lucene-highlighter\1.3.0\solr-lucene-highlighter-1.3.0.jar;C:\Documents and Settings\cm325.ORNITH\.m2\repository\org\apache\solr\solr-lucene-queries\1.3.0\solr-lucene-queries-1.3.0.jar;C:\Documents and Settings\cm325.ORNITH\.m2\repository\org\apache\solr\solr-lucene-snowball\1.3.0\solr-lucene-snowball-1.3.0.jar;C:\Documents and Settings\cm325.ORNITH\.m2\repository\org\apache\solr\solr-lucene-spellchecker\1.3.0\solr-lucene-spellchecker-1.3.0.jar;C:\Documents and Settings\cm325.ORNITH\.m2\repository\org\apache\solr\solr-commons-csv\1.3.0\solr-commons-csv-1.3.0.jar;C:\Documents and Settings\cm325.ORNITH\.m2\repository\org\apache\geronimo\specs\geronimo-stax-api_1.0_spec\1.0.1\geronimo-stax-api_1.0_spec-1.0.1.jar;C:\Documents and Settings\cm325.ORNITH\.m2\repository\org\hibernate\hibernate-annotations\3.4.0.GA\hibernate-annotations-3.4.0.GA.jar;C:\Documents and Settings\cm325.ORNITH\.m2\repository\org\hibernate\ejb3-persistence\1.0.2.GA\ejb3-persistence-1.0.2.GA.jar;C:\Documents and Settings\cm325.ORNITH\.m2\repository\org\hibernate\hibernate-core\3.3.0.SP1\hibernate-core-3.3.0.SP1.jar;C:\Documents and Settings\cm325.ORNITH\.m2\repository\antlr\antlr\2.7.6\antlr-2.7.6.jar;C:\Documents and Settings\cm325.ORNITH\.m2\repository\dom4j\dom4j\1.6.1\dom4j-1.6.1.jar;C:\Documents and Settings\cm325.ORNITH\.m2\repository\xml-apis\xml-apis\1.0.b2\xml-apis-1.0.b2.jar;C:\Documents and Settings\cm325.ORNITH\.m2\repository\javax\transaction\jta\1.1\jta-1.1.jar;C:\Documents and Settings\cm325.ORNITH\.m2\repository\org\hibernate\hibernate-commons-annotations\3.3.0.ga\hibernate-commons-annotations-3.3.0.ga.jar;C:\Documents and Settings\cm325.ORNITH\.m2\repository\javax\persistence\persistence-api\1.0\persistence-api-1.0.jar;C:\Documents and Settings\cm325.ORNITH\.m2\repository\org\hibernate\hibernate-entitymanager\3.4.0.GA\hibernate-entitymanager-3.4.0.GA.jar;C:\Documents and Settings\cm325.ORNITH\.m2\repository\javassist\javassist\3.4.GA\javassist-3.4.GA.jar;C:\Documents and Settings\cm325.ORNITH\.m2\repository\org\hibernate\hibernate-validator\3.1.0.GA\hibernate-validator-3.1.0.GA.jar;C:\Documents and Settings\cm325.ORNITH\.m2\repository\org\hibernate\hibernate-search\3.1.0.GA\hibernate-search-3.1.0.GA.jar;C:\Documents and Settings\cm325.ORNITH\.m2\repository\org\aspectj\aspectjrt\1.5.4\aspectjrt-1.5.4.jar;C:\Documents and Settings\cm325.ORNITH\.m2\repository\org\aspectj\aspectjweaver\1.5.4\aspectjweaver-1.5.4.jar;C:\Documents and Settings\cm325.ORNITH\.m2\repository\org\jasig\cas\cas-client-core\3.1.10\cas-client-core-3.1.10.jar;C:\Documents and Settings\cm325.ORNITH\.m2\repository\org\springframework\security\spring-security-cas-client\2.0.5.RELEASE\spring-security-cas-client-2.0.5.RELEASE.jar;C:\Documents and Settings\cm325.ORNITH\.m2\repository\org\springframework\spring-dao\2.0.8\spring-dao-2.0.8.jar;C:\Documents and Settings\cm325.ORNITH\.m2\repository\com\oracle\ojdbc6\11.1.0.7.0\ojdbc6-11.1.0.7.0.jar;C:\Documents and Settings\cm325.ORNITH\.m2\repository\org\eurekastreams\eurekastreams-server\1.0-SNAPSHOT\eurekastreams-server-1.0-SNAPSHOT-tests.jar;C:\Documents and Settings\cm325.ORNITH\.m2\repository\org\dbunit\dbunit\2.4.3\dbunit-2.4.3.jar;C:\Documents and Settings\cm325.ORNITH\.m2\repository\org\jmock\jmock-legacy\2.5.1\jmock-legacy-2.5.1.jar;C:\Documents and Settings\cm325.ORNITH\.m2\repository\org\objenesis\objenesis\1.0\objenesis-1.0.jar;C:\Documents and Settings\cm325.ORNITH\.m2\repository\cglib\cglib-nodep\2.1_3\cglib-nodep-2.1_3.jar;"/>
    <property name="java.vm.specification.version" value="1.0"/>
    <property name="sun.arch.data.model" value="32"/>
    <property name="java.home" value="C:\Java\jdk1.6.0_06\jre"/>
    <property name="java.specification.vendor" value="Sun Microsystems Inc."/>
    <property name="user.language" value="en"/>
    <property name="awt.toolkit" value="sun.awt.windows.WToolkit"/>
    <property name="java.vm.info" value="mixed mode, sharing"/>
    <property name="java.version" value="1.6.0_06"/>
    <property name="java.ext.dirs" value="C:\Java\jdk1.6.0_06\jre\lib\ext;C:\WINDOWS\Sun\Java\lib\ext"/>
    <property name="sun.boot.class.path" value="C:\Java\jdk1.6.0_06\jre\lib\resources.jar;C:\Java\jdk1.6.0_06\jre\lib\rt.jar;C:\Java\jdk1.6.0_06\jre\lib\sunrsasign.jar;C:\Java\jdk1.6.0_06\jre\lib\jsse.jar;C:\Java\jdk1.6.0_06\jre\lib\jce.jar;C:\Java\jdk1.6.0_06\jre\lib\charsets.jar;C:\Java\jdk1.6.0_06\jre\classes"/>
    <property name="java.vendor" value="Sun Microsystems Inc."/>
    <property name="localRepository" value="C:\Documents and Settings\cm325.ORNITH\.m2\repository"/>
    <property name="file.separator" value="\"/>
    <property name="java.vendor.url.bug" value="http://java.sun.com/cgi-bin/bugreport.cgi"/>
    <property name="sun.cpu.endian" value="little"/>
    <property name="sun.io.unicode.encoding" value="UnicodeLittle"/>
    <property name="sun.desktop" value="windows"/>
    <property name="sun.cpu.isalist" value="pentium_pro+mmx pentium_pro pentium+mmx pentium i486 i386 i86"/>
  </properties>
  <testcase time="0" classname="org.eurekastreams.AppTest" name="testApp"/>
</testsuite>